[    1233ms] [ERROR] Failed to load resource: the server responded with a status of 404 (Not Found) @ http://localhost:3000/favicon.ico:0
[   29952ms] [ERROR] Failed to load resource: the server responded with a status of 400 (Bad Request) @ http://localhost:3000/_next/image?url=%2Fprojects%2Fquizclash.png&w=96&q=75:0
[   29954ms] [ERROR] Failed to load resource: the server responded with a status of 400 (Bad Request) @ http://localhost:3000/_next/image?url=%2Fprojects%2Fmadlease.png&w=96&q=75:0
[   29955ms] [ERROR] Failed to load resource: the server responded with a status of 400 (Bad Request) @ http://localhost:3000/_next/image?url=%2Fprojects%2Fflixfinder.png&w=96&q=75:0
[   29958ms] [ERROR] Failed to load resource: the server responded with a status of 400 (Bad Request) @ http://localhost:3000/_next/image?url=%2Fprojects%2Fportfolio.png&w=96&q=75:0
[  215403ms] [ERROR] Failed to load resource: the server responded with a status of 400 (Bad Request) @ http://localhost:3000/_next/image?url=%2Fprojects%2Fquizclash.png&w=96&q=75:0
[  215751ms] [ERROR] Failed to load resource: the server responded with a status of 400 (Bad Request) @ http://localhost:3000/_next/image?url=%2Fprojects%2Fquizclash.png&w=96&q=75:0
[  215753ms] [ERROR] Failed to load resource: the server responded with a status of 400 (Bad Request) @ http://localhost:3000/_next/image?url=%2Fprojects%2Fmadlease.png&w=96&q=75:0
[  215847ms] [ERROR] Failed to load resource: the server responded with a status of 400 (Bad Request) @ http://localhost:3000/_next/image?url=%2Fprojects%2Fquizclash.png&w=96&q=75:0
[  215848ms] [ERROR] Failed to load resource: the server responded with a status of 400 (Bad Request) @ http://localhost:3000/_next/image?url=%2Fprojects%2Fmadlease.png&w=96&q=75:0
[  215956ms] [ERROR] Failed to load resource: the server responded with a status of 400 (Bad Request) @ http://localhost:3000/_next/image?url=%2Fprojects%2Fquizclash.png&w=96&q=75:0
[  221903ms] [ERROR] Failed to load resource: the server responded with a status of 400 (Bad Request) @ http://localhost:3000/_next/image?url=%2Fprojects%2Fportfolio.png&w=96&q=75:0
[  221924ms] [ERROR] Failed to load resource: the server responded with a status of 400 (Bad Request) @ http://localhost:3000/_next/image?url=%2Fprojects%2Fportfolio.png&w=96&q=75:0
[  271930ms] [ERROR] Failed to load resource: the server responded with a status of 400 (Bad Request) @ http://localhost:3000/_next/image?url=%2Fprojects%2Fquizclash.png&w=96&q=75:0
[  271938ms] [ERROR] Failed to load resource: the server responded with a status of 400 (Bad Request) @ http://localhost:3000/_next/image?url=%2Fprojects%2Fflixfinder.png&w=96&q=75:0
[  271946ms] [ERROR] Failed to load resource: the server responded with a status of 400 (Bad Request) @ http://localhost:3000/_next/image?url=%2Fprojects%2Fportfolio.png&w=96&q=75:0
[  271956ms] [ERROR] Failed to load resource: the server responded with a status of 400 (Bad Request) @ http://localhost:3000/_next/image?url=%2Fprojects%2Fportfolio.png&w=96&q=75:0
[  273392ms] [ERROR] Failed to load resource: the server responded with a status of 400 (Bad Request) @ http://localhost:3000/_next/image?url=%2Fprojects%2Fportfolio.png&w=96&q=75:0
[  273410ms] [ERROR] Failed to load resource: the server responded with a status of 400 (Bad Request) @ http://localhost:3000/_next/image?url=%2Fprojects%2Fmadlease.png&w=96&q=75:0
[  273411ms] [ERROR] Failed to load resource: the server responded with a status of 400 (Bad Request) @ http://localhost:3000/_next/image?url=%2Fprojects%2Fportfolio.png&w=96&q=75:0
[  273420ms] [ERROR] Failed to load resource: the server responded with a status of 400 (Bad Request) @ http://localhost:3000/_next/image?url=%2Fprojects%2Fmadlease.png&w=96&q=75:0
[  293148ms] [ERROR] Failed to load resource: the server responded with a status of 400 (Bad Request) @ http://localhost:3000/_next/image?url=%2Fprojects%2Fquizclash.png&w=96&q=75:0
[  293376ms] [ERROR] Failed to load resource: the server responded with a status of 400 (Bad Request) @ http://localhost:3000/_next/image?url=%2Fprojects%2Fquizclash.png&w=96&q=75:0
[  293378ms] [ERROR] Failed to load resource: the server responded with a status of 400 (Bad Request) @ http://localhost:3000/_next/image?url=%2Fprojects%2Fmadlease.png&w=96&q=75:0
[  293497ms] [ERROR] Failed to load resource: the server responded with a status of 400 (Bad Request) @ http://localhost:3000/_next/image?url=%2Fprojects%2Fmadlease.png&w=96&q=75:0
[  293498ms] [ERROR] Failed to load resource: the server responded with a status of 400 (Bad Request) @ http://localhost:3000/_next/image?url=%2Fprojects%2Fflixfinder.png&w=96&q=75:0
[  293609ms] [ERROR] Failed to load resource: the server responded with a status of 400 (Bad Request) @ http://localhost:3000/_next/image?url=%2Fprojects%2Fflixfinder.png&w=96&q=75:0
[  293611ms] [ERROR] Failed to load resource: the server responded with a status of 400 (Bad Request) @ http://localhost:3000/_next/image?url=%2Fprojects%2Fportfolio.png&w=96&q=75:0
[  293869ms] [ERROR] Failed to load resource: the server responded with a status of 400 (Bad Request) @ http://localhost:3000/_next/image?url=%2Fprojects%2Fportfolio.png&w=96&q=75:0
[  476706ms] [ERROR] Failed to load resource: the server responded with a status of 400 (Bad Request) @ http://localhost:3000/_next/image?url=%2Fprojects%2Fquizclash.png&w=96&q=75:0
[  476707ms] [ERROR] Failed to load resource: the server responded with a status of 400 (Bad Request) @ http://localhost:3000/_next/image?url=%2Fprojects%2Fmadlease.png&w=96&q=75:0
[  476708ms] [ERROR] Failed to load resource: the server responded with a status of 400 (Bad Request) @ http://localhost:3000/_next/image?url=%2Fprojects%2Fflixfinder.png&w=96&q=75:0
[  476709ms] [ERROR] Failed to load resource: the server responded with a status of 400 (Bad Request) @ http://localhost:3000/_next/image?url=%2Fprojects%2Fportfolio.png&w=96&q=75:0
[  476772ms] [ERROR] Failed to load resource: the server responded with a status of 400 (Bad Request) @ http://localhost:3000/_next/image?url=%2Fprojects%2Fquizclash.png&w=96&q=75:0
[  476773ms] [ERROR] Failed to load resource: the server responded with a status of 400 (Bad Request) @ http://localhost:3000/_next/image?url=%2Fprojects%2Fmadlease.png&w=96&q=75:0
[  476774ms] [ERROR] Failed to load resource: the server responded with a status of 400 (Bad Request) @ http://localhost:3000/_next/image?url=%2Fprojects%2Fflixfinder.png&w=96&q=75:0
[  476775ms] [ERROR] Failed to load resource: the server responded with a status of 400 (Bad Request) @ http://localhost:3000/_next/image?url=%2Fprojects%2Fportfolio.png&w=96&q=75:0
[  489653ms] [ERROR] Failed to load resource: the server responded with a status of 400 (Bad Request) @ http://localhost:3000/_next/image?url=%2Fprojects%2Fquizclash.png&w=96&q=75:0
[  489656ms] [ERROR] Failed to load resource: the server responded with a status of 400 (Bad Request) @ http://localhost:3000/_next/image?url=%2Fprojects%2Fmadlease.png&w=96&q=75:0
[  489657ms] [ERROR] Failed to load resource: the server responded with a status of 400 (Bad Request) @ http://localhost:3000/_next/image?url=%2Fprojects%2Fflixfinder.png&w=96&q=75:0
[  489658ms] [ERROR] Failed to load resource: the server responded with a status of 400 (Bad Request) @ http://localhost:3000/_next/image?url=%2Fprojects%2Fportfolio.png&w=96&q=75:0
[  489705ms] [ERROR] Failed to load resource: the server responded with a status of 400 (Bad Request) @ http://localhost:3000/_next/image?url=%2Fprojects%2Fquizclash.png&w=96&q=75:0
[  489706ms] [ERROR] Failed to load resource: the server responded with a status of 400 (Bad Request) @ http://localhost:3000/_next/image?url=%2Fprojects%2Fmadlease.png&w=96&q=75:0
[  489707ms] [ERROR] Failed to load resource: the server responded with a status of 400 (Bad Request) @ http://localhost:3000/_next/image?url=%2Fprojects%2Fflixfinder.png&w=96&q=75:0
[  489709ms] [ERROR] Failed to load resource: the server responded with a status of 400 (Bad Request) @ http://localhost:3000/_next/image?url=%2Fprojects%2Fportfolio.png&w=96&q=75:0
