[    9320ms] [ERROR] Failed to load resource: the server responded with a status of 400 (Bad Request) @ http://localhost:3000/_next/image?url=%2Fprojects%2Fquizclash.png&w=96&q=75:0
[    9321ms] [ERROR] Failed to load resource: the server responded with a status of 400 (Bad Request) @ http://localhost:3000/_next/image?url=%2Fprojects%2Fmadlease.png&w=96&q=75:0
[    9393ms] [ERROR] Failed to load resource: the server responded with a status of 400 (Bad Request) @ http://localhost:3000/_next/image?url=%2Fprojects%2Fflixfinder.png&w=96&q=75:0
[   19535ms] [ERROR] Failed to load resource: the server responded with a status of 400 (Bad Request) @ http://localhost:3000/_next/image?url=%2Fprojects%2Fportfolio.png&w=96&q=75:0
[   39712ms] [ERROR] Failed to load resource: the server responded with a status of 400 (Bad Request) @ http://localhost:3000/_next/image?url=%2Fprojects%2Fquizclash.png&w=96&q=75:0
[   39720ms] [ERROR] Failed to load resource: the server responded with a status of 400 (Bad Request) @ http://localhost:3000/_next/image?url=%2Fprojects%2Fmadlease.png&w=96&q=75:0
[   39732ms] [ERROR] Failed to load resource: the server responded with a status of 400 (Bad Request) @ http://localhost:3000/_next/image?url=%2Fprojects%2Fflixfinder.png&w=96&q=75:0
[   39742ms] [ERROR] Failed to load resource: the server responded with a status of 400 (Bad Request) @ http://localhost:3000/_next/image?url=%2Fprojects%2Fportfolio.png&w=96&q=75:0
[   39756ms] [ERROR] Failed to load resource: the server responded with a status of 400 (Bad Request) @ http://localhost:3000/_next/image?url=%2Fprojects%2Fportfolio.png&w=96&q=75:0
[  141541ms] [ERROR] Failed to load resource: the server responded with a status of 400 (Bad Request) @ http://localhost:3000/_next/image?url=%2Fprojects%2Fflixfinder.png&w=96&q=75:0
[  141597ms] [ERROR] Failed to load resource: the server responded with a status of 400 (Bad Request) @ http://localhost:3000/_next/image?url=%2Fprojects%2Fmadlease.png&w=96&q=75:0
[  141597ms] [ERROR] Failed to load resource: the server responded with a status of 400 (Bad Request) @ http://localhost:3000/_next/image?url=%2Fprojects%2Fquizclash.png&w=96&q=75:0
[  195994ms] [ERROR] Failed to load resource: the server responded with a status of 400 (Bad Request) @ http://localhost:3000/_next/image?url=%2Fprojects%2Fquizclash.png&w=96&q=75:0
[  195995ms] [ERROR] Failed to load resource: the server responded with a status of 400 (Bad Request) @ http://localhost:3000/_next/image?url=%2Fprojects%2Fmadlease.png&w=96&q=75:0
[  195997ms] [ERROR] Failed to load resource: the server responded with a status of 400 (Bad Request) @ http://localhost:3000/_next/image?url=%2Fprojects%2Fflixfinder.png&w=96&q=75:0
[  195998ms] [ERROR] Failed to load resource: the server responded with a status of 400 (Bad Request) @ http://localhost:3000/_next/image?url=%2Fprojects%2Fportfolio.png&w=96&q=75:0
[  200410ms] [ERROR] Failed to load resource: the server responded with a status of 400 (Bad Request) @ http://localhost:3000/_next/image?url=%2Fprojects%2Fquizclash.png&w=96&q=75:0
[  200411ms] [ERROR] Failed to load resource: the server responded with a status of 400 (Bad Request) @ http://localhost:3000/_next/image?url=%2Fprojects%2Fmadlease.png&w=96&q=75:0
[  200412ms] [ERROR] Failed to load resource: the server responded with a status of 400 (Bad Request) @ http://localhost:3000/_next/image?url=%2Fprojects%2Fflixfinder.png&w=96&q=75:0
[  200413ms] [ERROR] Failed to load resource: the server responded with a status of 400 (Bad Request) @ http://localhost:3000/_next/image?url=%2Fprojects%2Fportfolio.png&w=96&q=75:0
[  204589ms] [ERROR] Failed to load resource: the server responded with a status of 400 (Bad Request) @ http://localhost:3000/_next/image?url=%2Fprojects%2Fquizclash.png&w=96&q=75:0
[  204590ms] [ERROR] Failed to load resource: the server responded with a status of 400 (Bad Request) @ http://localhost:3000/_next/image?url=%2Fprojects%2Fmadlease.png&w=96&q=75:0
[  204592ms] [ERROR] Failed to load resource: the server responded with a status of 400 (Bad Request) @ http://localhost:3000/_next/image?url=%2Fprojects%2Fflixfinder.png&w=96&q=75:0
[  204592ms] [ERROR] Failed to load resource: the server responded with a status of 400 (Bad Request) @ http://localhost:3000/_next/image?url=%2Fprojects%2Fportfolio.png&w=96&q=75:0
[  209157ms] [ERROR] Failed to load resource: the server responded with a status of 400 (Bad Request) @ http://localhost:3000/_next/image?url=%2Fprojects%2Fquizclash.png&w=96&q=75:0
[  209158ms] [ERROR] Failed to load resource: the server responded with a status of 400 (Bad Request) @ http://localhost:3000/_next/image?url=%2Fprojects%2Fmadlease.png&w=96&q=75:0
[  209159ms] [ERROR] Failed to load resource: the server responded with a status of 400 (Bad Request) @ http://localhost:3000/_next/image?url=%2Fprojects%2Fflixfinder.png&w=96&q=75:0
[  209160ms] [ERROR] Failed to load resource: the server responded with a status of 400 (Bad Request) @ http://localhost:3000/_next/image?url=%2Fprojects%2Fportfolio.png&w=96&q=75:0
[  214252ms] [ERROR] Failed to load resource: the server responded with a status of 400 (Bad Request) @ http://localhost:3000/_next/image?url=%2Fprojects%2Fquizclash.png&w=96&q=75:0
[  214253ms] [ERROR] Failed to load resource: the server responded with a status of 400 (Bad Request) @ http://localhost:3000/_next/image?url=%2Fprojects%2Fmadlease.png&w=96&q=75:0
[  214254ms] [ERROR] Failed to load resource: the server responded with a status of 400 (Bad Request) @ http://localhost:3000/_next/image?url=%2Fprojects%2Fflixfinder.png&w=96&q=75:0
[  214255ms] [ERROR] Failed to load resource: the server responded with a status of 400 (Bad Request) @ http://localhost:3000/_next/image?url=%2Fprojects%2Fportfolio.png&w=96&q=75:0
[  218338ms] [ERROR] Failed to load resource: the server responded with a status of 400 (Bad Request) @ http://localhost:3000/_next/image?url=%2Fprojects%2Fquizclash.png&w=96&q=75:0
[  218339ms] [ERROR] Failed to load resource: the server responded with a status of 400 (Bad Request) @ http://localhost:3000/_next/image?url=%2Fprojects%2Fmadlease.png&w=96&q=75:0
[  218340ms] [ERROR] Failed to load resource: the server responded with a status of 400 (Bad Request) @ http://localhost:3000/_next/image?url=%2Fprojects%2Fflixfinder.png&w=96&q=75:0
[  218342ms] [ERROR] Failed to load resource: the server responded with a status of 400 (Bad Request) @ http://localhost:3000/_next/image?url=%2Fprojects%2Fportfolio.png&w=96&q=75:0
[  222359ms] [ERROR] Failed to load resource: the server responded with a status of 400 (Bad Request) @ http://localhost:3000/_next/image?url=%2Fprojects%2Fquizclash.png&w=96&q=75:0
[  222360ms] [ERROR] Failed to load resource: the server responded with a status of 400 (Bad Request) @ http://localhost:3000/_next/image?url=%2Fprojects%2Fflixfinder.png&w=96&q=75:0
[  222361ms] [ERROR] Failed to load resource: the server responded with a status of 400 (Bad Request) @ http://localhost:3000/_next/image?url=%2Fprojects%2Fmadlease.png&w=96&q=75:0
[  222362ms] [ERROR] Failed to load resource: the server responded with a status of 400 (Bad Request) @ http://localhost:3000/_next/image?url=%2Fprojects%2Fportfolio.png&w=96&q=75:0
