[    4479ms] [ERROR] Failed to load resource: the server responded with a status of 400 (Bad Request) @ http://localhost:3000/_next/image?url=%2Fprojects%2Fmadlease.png&w=96&q=75:0
[    4482ms] [ERROR] Failed to load resource: the server responded with a status of 400 (Bad Request) @ http://localhost:3000/_next/image?url=%2Fprojects%2Fquizclash.png&w=96&q=75:0
[    4495ms] [ERROR] Failed to load resource: the server responded with a status of 400 (Bad Request) @ http://localhost:3000/_next/image?url=%2Fprojects%2Fflixfinder.png&w=96&q=75:0
[    4498ms] [ERROR] Failed to load resource: the server responded with a status of 400 (Bad Request) @ http://localhost:3000/_next/image?url=%2Fprojects%2Fportfolio.png&w=96&q=75:0
[   33275ms] [ERROR] Failed to load resource: the server responded with a status of 400 (Bad Request) @ http://localhost:3000/_next/image?url=%2Fprojects%2Fquizclash.png&w=96&q=75:0
[   33586ms] [ERROR] Failed to load resource: the server responded with a status of 400 (Bad Request) @ http://localhost:3000/_next/image?url=%2Fprojects%2Fquizclash.png&w=96&q=75:0
[   33587ms] [ERROR] Failed to load resource: the server responded with a status of 400 (Bad Request) @ http://localhost:3000/_next/image?url=%2Fprojects%2Fflixfinder.png&w=96&q=75:0
[   33681ms] [ERROR] Failed to load resource: the server responded with a status of 400 (Bad Request) @ http://localhost:3000/_next/image?url=%2Fprojects%2Fflixfinder.png&w=96&q=75:0
[   33682ms] [ERROR] Failed to load resource: the server responded with a status of 400 (Bad Request) @ http://localhost:3000/_next/image?url=%2Fprojects%2Fportfolio.png&w=96&q=75:0
[   33752ms] [ERROR] Failed to load resource: the server responded with a status of 400 (Bad Request) @ http://localhost:3000/_next/image?url=%2Fprojects%2Fportfolio.png&w=96&q=75:0
[   37092ms] [ERROR] Failed to load resource: the server responded with a status of 400 (Bad Request) @ http://localhost:3000/_next/image?url=%2Fprojects%2Fportfolio.png&w=96&q=75:0
[   37132ms] [ERROR] Failed to load resource: the server responded with a status of 400 (Bad Request) @ http://localhost:3000/_next/image?url=%2Fprojects%2Fportfolio.png&w=96&q=75:0
[   37133ms] [ERROR] Failed to load resource: the server responded with a status of 400 (Bad Request) @ http://localhost:3000/_next/image?url=%2Fprojects%2Fflixfinder.png&w=96&q=75:0
[   37175ms] [ERROR] Failed to load resource: the server responded with a status of 400 (Bad Request) @ http://localhost:3000/_next/image?url=%2Fprojects%2Fquizclash.png&w=96&q=75:0
[   37175ms] [ERROR] Failed to load resource: the server responded with a status of 400 (Bad Request) @ http://localhost:3000/_next/image?url=%2Fprojects%2Fflixfinder.png&w=96&q=75:0
[   37246ms] [ERROR] Failed to load resource: the server responded with a status of 400 (Bad Request) @ http://localhost:3000/_next/image?url=%2Fprojects%2Fmadlease.png&w=96&q=75:0
[   37247ms] [ERROR] Failed to load resource: the server responded with a status of 400 (Bad Request) @ http://localhost:3000/_next/image?url=%2Fprojects%2Fquizclash.png&w=96&q=75:0
[   37848ms] [ERROR] Failed to load resource: the server responded with a status of 400 (Bad Request) @ http://localhost:3000/_next/image?url=%2Fprojects%2Fmadlease.png&w=96&q=75:0
[   37849ms] [ERROR] Failed to load resource: the server responded with a status of 400 (Bad Request) @ http://localhost:3000/_next/image?url=%2Fprojects%2Fquizclash.png&w=96&q=75:0
[   37910ms] [ERROR] Failed to load resource: the server responded with a status of 400 (Bad Request) @ http://localhost:3000/_next/image?url=%2Fprojects%2Fquizclash.png&w=96&q=75:0
[   37911ms] [ERROR] Failed to load resource: the server responded with a status of 400 (Bad Request) @ http://localhost:3000/_next/image?url=%2Fprojects%2Fflixfinder.png&w=96&q=75:0
[   38026ms] [ERROR] Failed to load resource: the server responded with a status of 400 (Bad Request) @ http://localhost:3000/_next/image?url=%2Fprojects%2Fquizclash.png&w=96&q=75:0
[   38026ms] [ERROR] Failed to load resource: the server responded with a status of 400 (Bad Request) @ http://localhost:3000/_next/image?url=%2Fprojects%2Fflixfinder.png&w=96&q=75:0
[   38058ms] [ERROR] Failed to load resource: the server responded with a status of 400 (Bad Request) @ http://localhost:3000/_next/image?url=%2Fprojects%2Fmadlease.png&w=96&q=75:0
[   38058ms] [ERROR] Failed to load resource: the server responded with a status of 400 (Bad Request) @ http://localhost:3000/_next/image?url=%2Fprojects%2Fquizclash.png&w=96&q=75:0
[   38943ms] [ERROR] Failed to load resource: the server responded with a status of 400 (Bad Request) @ http://localhost:3000/_next/image?url=%2Fprojects%2Fmadlease.png&w=96&q=75:0
[   38943ms] [ERROR] Failed to load resource: the server responded with a status of 400 (Bad Request) @ http://localhost:3000/_next/image?url=%2Fprojects%2Fquizclash.png&w=96&q=75:0
[   39093ms] [ERROR] Failed to load resource: the server responded with a status of 400 (Bad Request) @ http://localhost:3000/_next/image?url=%2Fprojects%2Fquizclash.png&w=96&q=75:0
[   39093ms] [ERROR] Failed to load resource: the server responded with a status of 400 (Bad Request) @ http://localhost:3000/_next/image?url=%2Fprojects%2Fflixfinder.png&w=96&q=75:0
[   39326ms] [ERROR] Failed to load resource: the server responded with a status of 400 (Bad Request) @ http://localhost:3000/_next/image?url=%2Fprojects%2Fflixfinder.png&w=96&q=75:0
[   39326ms] [ERROR] Failed to load resource: the server responded with a status of 400 (Bad Request) @ http://localhost:3000/_next/image?url=%2Fprojects%2Fportfolio.png&w=96&q=75:0
[   39385ms] [ERROR] Failed to load resource: the server responded with a status of 400 (Bad Request) @ http://localhost:3000/_next/image?url=%2Fprojects%2Fportfolio.png&w=96&q=75:0
[   39569ms] [ERROR] Failed to load resource: the server responded with a status of 400 (Bad Request) @ http://localhost:3000/_next/image?url=%2Fprojects%2Fportfolio.png&w=96&q=75:0
[   39759ms] [ERROR] Failed to load resource: the server responded with a status of 400 (Bad Request) @ http://localhost:3000/_next/image?url=%2Fprojects%2Fflixfinder.png&w=96&q=75:0
[   39759ms] [ERROR] Failed to load resource: the server responded with a status of 400 (Bad Request) @ http://localhost:3000/_next/image?url=%2Fprojects%2Fportfolio.png&w=96&q=75:0
[   39976ms] [ERROR] Failed to load resource: the server responded with a status of 400 (Bad Request) @ http://localhost:3000/_next/image?url=%2Fprojects%2Fquizclash.png&w=96&q=75:0
[   39976ms] [ERROR] Failed to load resource: the server responded with a status of 400 (Bad Request) @ http://localhost:3000/_next/image?url=%2Fprojects%2Fflixfinder.png&w=96&q=75:0
[   40126ms] [ERROR] Failed to load resource: the server responded with a status of 400 (Bad Request) @ http://localhost:3000/_next/image?url=%2Fprojects%2Fmadlease.png&w=96&q=75:0
[   40126ms] [ERROR] Failed to load resource: the server responded with a status of 400 (Bad Request) @ http://localhost:3000/_next/image?url=%2Fprojects%2Fquizclash.png&w=96&q=75:0
[   40319ms] [ERROR] Failed to load resource: the server responded with a status of 400 (Bad Request) @ http://localhost:3000/_next/image?url=%2Fprojects%2Fmadlease.png&w=96&q=75:0
[   40537ms] [ERROR] Failed to load resource: the server responded with a status of 400 (Bad Request) @ http://localhost:3000/_next/image?url=%2Fprojects%2Fmadlease.png&w=96&q=75:0
[   40676ms] [ERROR] Failed to load resource: the server responded with a status of 400 (Bad Request) @ http://localhost:3000/_next/image?url=%2Fprojects%2Fmadlease.png&w=96&q=75:0
[   40676ms] [ERROR] Failed to load resource: the server responded with a status of 400 (Bad Request) @ http://localhost:3000/_next/image?url=%2Fprojects%2Fquizclash.png&w=96&q=75:0
[   40725ms] [ERROR] Failed to load resource: the server responded with a status of 400 (Bad Request) @ http://localhost:3000/_next/image?url=%2Fprojects%2Fquizclash.png&w=96&q=75:0
[   40725ms] [ERROR] Failed to load resource: the server responded with a status of 400 (Bad Request) @ http://localhost:3000/_next/image?url=%2Fprojects%2Fflixfinder.png&w=96&q=75:0
[   40753ms] [ERROR] Failed to load resource: the server responded with a status of 400 (Bad Request) @ http://localhost:3000/_next/image?url=%2Fprojects%2Fflixfinder.png&w=96&q=75:0
[   40754ms] [ERROR] Failed to load resource: the server responded with a status of 400 (Bad Request) @ http://localhost:3000/_next/image?url=%2Fprojects%2Fportfolio.png&w=96&q=75:0
[   40799ms] [ERROR] Failed to load resource: the server responded with a status of 400 (Bad Request) @ http://localhost:3000/_next/image?url=%2Fprojects%2Fportfolio.png&w=96&q=75:0
