[     534ms] [ERROR] Failed to load resource: the server responded with a status of 404 (Not Found) @ http://localhost:3000/favicon.ico:0
[    6295ms] [ERROR] Failed to load resource: the server responded with a status of 400 (Bad Request) @ http://localhost:3000/_next/image?url=%2Fprojects%2Fmadlease.png&w=96&q=75:0
[    6297ms] [ERROR] Failed to load resource: the server responded with a status of 400 (Bad Request) @ http://localhost:3000/_next/image?url=%2Fprojects%2Fquizclash.png&w=96&q=75:0
[    6299ms] [ERROR] Failed to load resource: the server responded with a status of 400 (Bad Request) @ http://localhost:3000/_next/image?url=%2Fprojects%2Fflixfinder.png&w=96&q=75:0
[    6300ms] [ERROR] Failed to load resource: the server responded with a status of 400 (Bad Request) @ http://localhost:3000/_next/image?url=%2Fprojects%2Fportfolio.png&w=96&q=75:0
[   42421ms] [ERROR] Failed to load resource: the server responded with a status of 400 (Bad Request) @ http://localhost:3000/_next/image?url=%2Fprojects%2Fquizclash.png&w=96&q=75:0
[   42450ms] [ERROR] Failed to load resource: the server responded with a status of 400 (Bad Request) @ http://localhost:3000/_next/image?url=%2Fprojects%2Fquizclash.png&w=96&q=75:0
[   42451ms] [ERROR] Failed to load resource: the server responded with a status of 400 (Bad Request) @ http://localhost:3000/_next/image?url=%2Fprojects%2Fflixfinder.png&w=96&q=75:0
[   42461ms] [ERROR] Failed to load resource: the server responded with a status of 400 (Bad Request) @ http://localhost:3000/_next/image?url=%2Fprojects%2Fportfolio.png&w=96&q=75:0
[   42470ms] [ERROR] Failed to load resource: the server responded with a status of 400 (Bad Request) @ http://localhost:3000/_next/image?url=%2Fprojects%2Fportfolio.png&w=96&q=75:0
[   45805ms] [ERROR] Failed to load resource: the server responded with a status of 400 (Bad Request) @ http://localhost:3000/_next/image?url=%2Fprojects%2Fquizclash.png&w=96&q=75:0
[   45861ms] [ERROR] Failed to load resource: the server responded with a status of 400 (Bad Request) @ http://localhost:3000/_next/image?url=%2Fprojects%2Fquizclash.png&w=96&q=75:0
[   45862ms] [ERROR] Failed to load resource: the server responded with a status of 400 (Bad Request) @ http://localhost:3000/_next/image?url=%2Fprojects%2Fflixfinder.png&w=96&q=75:0
[   45896ms] [ERROR] Failed to load resource: the server responded with a status of 400 (Bad Request) @ http://localhost:3000/_next/image?url=%2Fprojects%2Fflixfinder.png&w=96&q=75:0
[   45897ms] [ERROR] Failed to load resource: the server responded with a status of 400 (Bad Request) @ http://localhost:3000/_next/image?url=%2Fprojects%2Fportfolio.png&w=96&q=75:0
[   45920ms] [ERROR] Failed to load resource: the server responded with a status of 400 (Bad Request) @ http://localhost:3000/_next/image?url=%2Fprojects%2Fportfolio.png&w=96&q=75:0
[   62004ms] [ERROR] Failed to load resource: the server responded with a status of 400 (Bad Request) @ http://localhost:3000/_next/image?url=%2Fprojects%2Fmadlease.png&w=96&q=75:0
[   62005ms] [ERROR] Failed to load resource: the server responded with a status of 400 (Bad Request) @ http://localhost:3000/_next/image?url=%2Fprojects%2Fquizclash.png&w=96&q=75:0
[   62008ms] [ERROR] Failed to load resource: the server responded with a status of 400 (Bad Request) @ http://localhost:3000/_next/image?url=%2Fprojects%2Fflixfinder.png&w=96&q=75:0
[   62009ms] [ERROR] Failed to load resource: the server responded with a status of 400 (Bad Request) @ http://localhost:3000/_next/image?url=%2Fprojects%2Fportfolio.png&w=96&q=75:0
[   62118ms] [ERROR] Failed to load resource: the server responded with a status of 400 (Bad Request) @ http://localhost:3000/_next/image?url=%2Fprojects%2Fmadlease.png&w=96&q=75:0
[   62119ms] [ERROR] Failed to load resource: the server responded with a status of 400 (Bad Request) @ http://localhost:3000/_next/image?url=%2Fprojects%2Fquizclash.png&w=96&q=75:0
[   62133ms] [ERROR] Failed to load resource: the server responded with a status of 400 (Bad Request) @ http://localhost:3000/_next/image?url=%2Fprojects%2Fflixfinder.png&w=96&q=75:0
[   62136ms] [ERROR] Failed to load resource: the server responded with a status of 400 (Bad Request) @ http://localhost:3000/_next/image?url=%2Fprojects%2Fportfolio.png&w=96&q=75:0
[   67935ms] [ERROR] Failed to load resource: the server responded with a status of 400 (Bad Request) @ http://localhost:3000/_next/image?url=%2Fprojects%2Fmadlease.png&w=96&q=75:0
[   67937ms] [ERROR] Failed to load resource: the server responded with a status of 400 (Bad Request) @ http://localhost:3000/_next/image?url=%2Fprojects%2Fquizclash.png&w=96&q=75:0
[   67938ms] [ERROR] Failed to load resource: the server responded with a status of 400 (Bad Request) @ http://localhost:3000/_next/image?url=%2Fprojects%2Fflixfinder.png&w=96&q=75:0
[   67950ms] [ERROR] Failed to load resource: the server responded with a status of 400 (Bad Request) @ http://localhost:3000/_next/image?url=%2Fprojects%2Fportfolio.png&w=96&q=75:0
[   68208ms] [ERROR] Failed to load resource: the server responded with a status of 400 (Bad Request) @ http://localhost:3000/_next/image?url=%2Fprojects%2Fmadlease.png&w=96&q=75:0
[   68210ms] [ERROR] Failed to load resource: the server responded with a status of 400 (Bad Request) @ http://localhost:3000/_next/image?url=%2Fprojects%2Fquizclash.png&w=96&q=75:0
[   68211ms] [ERROR] Failed to load resource: the server responded with a status of 400 (Bad Request) @ http://localhost:3000/_next/image?url=%2Fprojects%2Fflixfinder.png&w=96&q=75:0
[   68219ms] [ERROR] Failed to load resource: the server responded with a status of 400 (Bad Request) @ http://localhost:3000/_next/image?url=%2Fprojects%2Fportfolio.png&w=96&q=75:0
[   72520ms] [ERROR] Failed to load resource: the server responded with a status of 400 (Bad Request) @ http://localhost:3000/_next/image?url=%2Fprojects%2Fquizclash.png&w=96&q=75:0
[   72706ms] [ERROR] Failed to load resource: the server responded with a status of 400 (Bad Request) @ http://localhost:3000/_next/image?url=%2Fprojects%2Fmadlease.png&w=96&q=75:0
[   72709ms] [ERROR] Failed to load resource: the server responded with a status of 400 (Bad Request) @ http://localhost:3000/_next/image?url=%2Fprojects%2Fquizclash.png&w=96&q=75:0
[   72836ms] [ERROR] Failed to load resource: the server responded with a status of 400 (Bad Request) @ http://localhost:3000/_next/image?url=%2Fprojects%2Fmadlease.png&w=96&q=75:0
[   73912ms] [ERROR] Failed to load resource: the server responded with a status of 400 (Bad Request) @ http://localhost:3000/_next/image?url=%2Fprojects%2Fmadlease.png&w=96&q=75:0
[   73987ms] [ERROR] Failed to load resource: the server responded with a status of 400 (Bad Request) @ http://localhost:3000/_next/image?url=%2Fprojects%2Fmadlease.png&w=96&q=75:0
[   74106ms] [ERROR] Failed to load resource: the server responded with a status of 400 (Bad Request) @ http://localhost:3000/_next/image?url=%2Fprojects%2Fmadlease.png&w=96&q=75:0
[   74928ms] [ERROR] Failed to load resource: the server responded with a status of 400 (Bad Request) @ http://localhost:3000/_next/image?url=%2Fprojects%2Fmadlease.png&w=96&q=75:0
